# JRE version: Java(TM) SE Runtime Environment (8.0_131-b11) (build 1.8.0_131-b11)
# Java VM: Java HotSpot(TM) 64-Bit Server VM (25.131-b11 mixed mode windows-amd64 compressed oops)
Heap:
 PSYoungGen      total 37376K, used 8510K [0x00000000d6000000, 0x00000000d8c00000, 0x0000000100000000)
  eden space 30720K, 27% used [0x00000000d6000000,0x00000000d684fb78,0x00000000d7e00000)
  from space 6656K, 0% used [0x00000000d8580000,0x00000000d8580000,0x00000000d8c00000)
  to   space 7168K, 0% used [0x00000000d7e00000,0x00000000d7e00000,0x00000000d8500000)
 ParOldGen       total 57344K, used 6130K [0x0000000082000000, 0x0000000085800000, 0x00000000d6000000)
  object space 57344K, 10% used [0x0000000082000000,0x00000000825fc8b8,0x0000000085800000)
 Metaspace       used 23624K, capacity 24458K, committed 24880K, reserved 1071104K
  class space    used 3082K, capacity 3260K, committed 3376K, reserved 1048576K
GC Heap History (10 events):
Event: 4.854 GC heap before
{Heap before GC invocations=5 (full 0):
 PSYoungGen      total 37888K, used 37877K [0x00000000d6000000, 0x00000000d8a00000, 0x0000000100000000)
  eden space 32768K, 100% used [0x00000000d6000000,0x00000000d8000000,0x00000000d8000000)
  from space 5120K, 99% used [0x00000000d8500000,0x00000000d89fd410,0x00000000d8a00000)
  to   space 5120K, 0% used [0x00000000d8000000,0x00000000d8000000,0x00000000d8500000)
 ParOldGen       total 86016K, used 128K [0x0000000082000000, 0x0000000087400000, 0x00000000d6000000)
  object space 86016K, 0% used [0x0000000082000000,0x00000000820202a8,0x0000000087400000)
 Metaspace       used 15492K, capacity 15956K, committed 16000K, reserved 1062912K
  class space    used 2023K, capacity 2148K, committed 2176K, reserved 1048576K
Event: 4.861 GC heap after
Heap after GC invocations=5 (full 0):
 PSYoungGen      total 37376K, used 5093K [0x00000000d6000000, 0x00000000d8b80000, 0x0000000100000000)
  eden space 32256K, 0% used [0x00000000d6000000,0x00000000d6000000,0x00000000d7f80000)
  from space 5120K, 99% used [0x00000000d8000000,0x00000000d84f9678,0x00000000d8500000)
  to   space 6144K, 0% used [0x00000000d8580000,0x00000000d8580000,0x00000000d8b80000)
 ParOldGen       total 86016K, used 530K [0x0000000082000000, 0x0000000087400000, 0x00000000d6000000)
  object space 86016K, 0% used [0x0000000082000000,0x0000000082084a60,0x0000000087400000)
 Metaspace       used 15492K, capacity 15956K, committed 16000K, reserved 1062912K
  class space    used 2023K, capacity 2148K, committed 2176K, reserved 1048576K
}
Event: 5.414 GC heap before
{Heap before GC invocations=6 (full 0):
 PSYoungGen      total 37376K, used 37349K [0x00000000d6000000, 0x00000000d8b80000, 0x0000000100000000)
  eden space 32256K, 100% used [0x00000000d6000000,0x00000000d7f80000,0x00000000d7f80000)
  from space 5120K, 99% used [0x00000000d8000000,0x00000000d84f9678,0x00000000d8500000)
  to   space 6144K, 0% used [0x00000000d8580000,0x00000000d8580000,0x00000000d8b80000)
 ParOldGen       total 86016K, used 530K [0x0000000082000000, 0x0000000087400000, 0x00000000d6000000)
  object space 86016K, 0% used [0x0000000082000000,0x0000000082084a60,0x0000000087400000)
 Metaspace       used 16459K, capacity 17148K, committed 17280K, reserved 1064960K
  class space    used 2172K, capacity 2356K, committed 2432K, reserved 1048576K
Event: 5.420 GC heap after
Heap after GC invocations=6 (full 0):
 PSYoungGen      total 37888K, used 5969K [0x00000000d6000000, 0x00000000d8c00000, 0x0000000100000000)
  eden space 31744K, 0% used [0x00000000d6000000,0x00000000d6000000,0x00000000d7f00000)
  from space 6144K, 97% used [0x00000000d8580000,0x00000000d8b547d8,0x00000000d8b80000)
  to   space 6656K, 0% used [0x00000000d7f00000,0x00000000d7f00000,0x00000000d8580000)
 ParOldGen       total 86016K, used 538K [0x0000000082000000, 0x0000000087400000, 0x00000000d6000000)
  object space 86016K, 0% used [0x0000000082000000,0x0000000082086a60,0x0000000087400000)
 Metaspace       used 16459K, capacity 17148K, committed 17280K, reserved 1064960K
  class space    used 2172K, capacity 2356K, committed 2432K, reserved 1048576K
}
Event: 5.989 GC heap before
{Heap before GC invocations=7 (full 0):
 PSYoungGen      total 37888K, used 37713K [0x00000000d6000000, 0x00000000d8c00000, 0x0000000100000000)
  eden space 31744K, 100% used [0x00000000d6000000,0x00000000d7f00000,0x00000000d7f00000)
  from space 6144K, 97% used [0x00000000d8580000,0x00000000d8b547d8,0x00000000d8b80000)
  to   space 6656K, 0% used [0x00000000d7f00000,0x00000000d7f00000,0x00000000d8580000)
 ParOldGen       total 86016K, used 538K [0x0000000082000000, 0x0000000087400000, 0x00000000d6000000)
  object space 86016K, 0% used [0x0000000082000000,0x0000000082086a60,0x0000000087400000)
 Metaspace       used 18393K, capacity 19218K, committed 19328K, reserved 1067008K
  class space    used 2419K, capacity 2591K, committed 2688K, reserved 1048576K
Event: 5.996 GC heap after
Heap after GC invocations=7 (full 0):
 PSYoungGen      total 37888K, used 3371K [0x00000000d6000000, 0x00000000d8c80000, 0x0000000100000000)
  eden space 31232K, 0% used [0x00000000d6000000,0x00000000d6000000,0x00000000d7e80000)
  from space 6656K, 50% used [0x00000000d7f00000,0x00000000d824ad08,0x00000000d8580000)
  to   space 7168K, 0% used [0x00000000d8580000,0x00000000d8580000,0x00000000d8c80000)
 ParOldGen       total 86016K, used 3682K [0x0000000082000000, 0x0000000087400000, 0x00000000d6000000)
  object space 86016K, 4% used [0x0000000082000000,0x0000000082398ac0,0x0000000087400000)
 Metaspace       used 18393K, capacity 19218K, committed 19328K, reserved 1067008K
  class space    used 2419K, capacity 2591K, committed 2688K, reserved 1048576K
}
Event: 7.729 GC heap before
{Heap before GC invocations=8 (full 0):
 PSYoungGen      total 37888K, used 22826K [0x00000000d6000000, 0x00000000d8c80000, 0x0000000100000000)
  eden space 31232K, 62% used [0x00000000d6000000,0x00000000d72ffc40,0x00000000d7e80000)
  from space 6656K, 50% used [0x00000000d7f00000,0x00000000d824ad08,0x00000000d8580000)
  to   space 7168K, 0% used [0x00000000d8580000,0x00000000d8580000,0x00000000d8c80000)
 ParOldGen       total 86016K, used 3682K [0x0000000082000000, 0x0000000087400000, 0x00000000d6000000)
  object space 86016K, 4% used [0x0000000082000000,0x0000000082398ac0,0x0000000087400000)
 Metaspace       used 20493K, capacity 21246K, committed 21296K, reserved 1067008K
  class space    used 2666K, capacity 2856K, committed 2864K, reserved 1048576K
Event: 7.732 GC heap after
Heap after GC invocations=8 (full 0):
 PSYoungGen      total 37376K, used 2539K [0x00000000d6000000, 0x00000000d8c00000, 0x0000000100000000)
  eden space 30720K, 0% used [0x00000000d6000000,0x00000000d6000000,0x00000000d7e00000)
  from space 6656K, 38% used [0x00000000d8580000,0x00000000d87fad00,0x00000000d8c00000)
  to   space 7168K, 0% used [0x00000000d7e00000,0x00000000d7e00000,0x00000000d8500000)
 ParOldGen       total 86016K, used 4354K [0x0000000082000000, 0x0000000087400000, 0x00000000d6000000)
  object space 86016K, 5% used [0x0000000082000000,0x0000000082440ac0,0x0000000087400000)
 Metaspace       used 20493K, capacity 21246K, committed 21296K, reserved 1067008K
  class space    used 2666K, capacity 2856K, committed 2864K, reserved 1048576K
}
Event: 7.732 GC heap before
{Heap before GC invocations=9 (full 1):
 PSYoungGen      total 37376K, used 2539K [0x00000000d6000000, 0x00000000d8c00000, 0x0000000100000000)
  eden space 30720K, 0% used [0x00000000d6000000,0x00000000d6000000,0x00000000d7e00000)
  from space 6656K, 38% used [0x00000000d8580000,0x00000000d87fad00,0x00000000d8c00000)
  to   space 7168K, 0% used [0x00000000d7e00000,0x00000000d7e00000,0x00000000d8500000)
 ParOldGen       total 86016K, used 4354K [0x0000000082000000, 0x0000000087400000, 0x00000000d6000000)
  object space 86016K, 5% used [0x0000000082000000,0x0000000082440ac0,0x0000000087400000)
 Metaspace       used 20493K, capacity 21246K, committed 21296K, reserved 1067008K
  class space    used 2666K, capacity 2856K, committed 2864K, reserved 1048576K
Event: 7.788 GC heap after
Heap after GC invocations=9 (full 1):
 PSYoungGen      total 37376K, used 0K [0x00000000d6000000, 0x00000000d8c00000, 0x0000000100000000)
  eden space 30720K, 0% used [0x00000000d6000000,0x00000000d6000000,0x00000000d7e00000)
  from space 6656K, 0% used [0x00000000d8580000,0x00000000d8580000,0x00000000d8c00000)
  to   space 7168K, 0% used [0x00000000d7e00000,0x00000000d7e00000,0x00000000d8500000)
 ParOldGen       total 57344K, used 6130K [0x0000000082000000, 0x0000000085800000, 0x00000000d6000000)
  object space 57344K, 10% used [0x0000000082000000,0x00000000825fc8b8,0x0000000085800000)
 Metaspace       used 20491K, capacity 21240K, committed 21296K, reserved 1067008K
  class space    used 2665K, capacity 2855K, committed 2864K, reserved 1048576K
}

